TN:
SF:controller\events_controller.js
FN:3,(anonymous_0)
FN:12,(anonymous_1)
FN:29,(anonymous_2)
FNF:3
FNH:3
FNDA:2,(anonymous_0)
FNDA:3,(anonymous_1)
FNDA:3,(anonymous_2)
DA:1,3
DA:3,3
DA:4,2
DA:5,2
DA:6,1
DA:8,1
DA:12,3
DA:13,3
DA:14,3
DA:15,3
DA:17,2
DA:18,1
DA:21,1
DA:22,1
DA:23,1
DA:25,1
DA:29,3
DA:30,3
DA:31,3
DA:32,3
DA:34,2
DA:35,1
DA:38,1
DA:39,1
DA:40,1
DA:42,1
DA:46,3
LF:27
LH:27
BRDA:17,0,0,1
BRDA:17,0,1,1
BRDA:34,1,0,1
BRDA:34,1,1,1
BRF:4
BRH:4
end_of_record
TN:
SF:controller\messages_controller.js
FN:6,(anonymous_0)
FN:39,(anonymous_1)
FN:54,(anonymous_2)
FNF:3
FNH:3
FNDA:2,(anonymous_0)
FNDA:2,(anonymous_1)
FNDA:2,(anonymous_2)
DA:2,3
DA:3,3
DA:6,3
DA:7,2
DA:9,2
DA:10,2
DA:17,1
DA:19,1
DA:20,1
DA:22,1
DA:23,1
DA:39,3
DA:40,2
DA:42,2
DA:43,2
DA:47,1
DA:49,1
DA:50,1
DA:54,3
DA:55,2
DA:56,2
DA:57,2
DA:58,1
DA:59,1
DA:60,1
DA:61,1
DA:63,1
DA:64,1
DA:68,3
LF:29
LH:29
BRF:0
BRH:0
end_of_record
TN:
SF:controller\payments_controller.js
FN:7,(anonymous_0)
FN:12,(anonymous_1)
FN:15,(anonymous_2)
FN:20,(anonymous_3)
FN:25,(anonymous_4)
FNF:5
FNH:3
FNDA:1,(anonymous_0)
FNDA:0,(anonymous_1)
FNDA:1,(anonymous_2)
FNDA:1,(anonymous_3)
FNDA:0,(anonymous_4)
DA:2,2
DA:7,2
DA:9,1
DA:10,1
DA:12,0
DA:15,2
DA:16,1
DA:18,1
DA:19,1
DA:22,1
DA:23,1
DA:25,0
DA:30,2
LF:13
LH:11
BRF:0
BRH:0
end_of_record
TN:
SF:controller\posts_controller.js
FN:6,(anonymous_0)
FN:10,(anonymous_1)
FN:14,(anonymous_2)
FN:17,(anonymous_3)
FN:23,(anonymous_4)
FN:26,(anonymous_5)
FN:34,(anonymous_6)
FN:40,(anonymous_7)
FNF:8
FNH:5
FNDA:1,(anonymous_0)
FNDA:1,(anonymous_1)
FNDA:0,(anonymous_2)
FNDA:1,(anonymous_3)
FNDA:0,(anonymous_4)
FNDA:1,(anonymous_5)
FNDA:1,(anonymous_6)
FNDA:0,(anonymous_7)
DA:1,3
DA:6,3
DA:9,1
DA:12,1
DA:14,0
DA:17,3
DA:19,1
DA:20,1
DA:21,1
DA:23,0
DA:26,3
DA:29,1
DA:32,1
DA:33,1
DA:36,1
DA:40,0
DA:44,3
LF:17
LH:14
BRF:0
BRH:0
end_of_record
TN:
SF:controller\products_controller.js
FN:6,(anonymous_0)
FN:9,(anonymous_1)
FN:13,(anonymous_2)
FNF:3
FNH:2
FNDA:1,(anonymous_0)
FNDA:1,(anonymous_1)
FNDA:0,(anonymous_2)
DA:2,1
DA:6,1
DA:8,1
DA:11,1
DA:13,0
DA:17,1
LF:6
LH:5
BRF:0
BRH:0
end_of_record
TN:
SF:controller\service_payments_controller.js
FN:7,(anonymous_0)
FN:11,(anonymous_1)
FN:15,(anonymous_2)
FN:18,(anonymous_3)
FN:23,(anonymous_4)
FNF:5
FNH:3
FNDA:1,(anonymous_0)
FNDA:1,(anonymous_1)
FNDA:0,(anonymous_2)
FNDA:1,(anonymous_3)
FNDA:0,(anonymous_4)
DA:2,2
DA:7,2
DA:8,1
DA:10,1
DA:13,1
DA:15,0
DA:18,2
DA:20,1
DA:21,1
DA:23,0
DA:29,2
LF:11
LH:9
BRF:0
BRH:0
end_of_record
TN:
SF:controller\services_controller.js
FN:4,(anonymous_0)
FN:7,(anonymous_1)
FN:11,(anonymous_2)
FN:24,(anonymous_3)
FNF:4
FNH:3
FNDA:1,(anonymous_0)
FNDA:1,(anonymous_1)
FNDA:0,(anonymous_2)
FNDA:1,(anonymous_3)
DA:1,2
DA:2,2
DA:4,2
DA:6,1
DA:8,1
DA:9,1
DA:11,0
DA:24,2
DA:25,1
DA:26,1
DA:27,1
DA:30,1
DA:40,1
DA:42,1
DA:44,0
DA:45,0
DA:49,2
LF:17
LH:14
BRF:0
BRH:0
end_of_record
TN:
SF:controller\users_controller.js
FN:5,(anonymous_0)
FN:10,(anonymous_1)
FN:23,(anonymous_2)
FN:28,(anonymous_3)
FN:32,(anonymous_4)
FN:36,(anonymous_5)
FN:41,(anonymous_6)
FN:49,(anonymous_7)
FN:54,(anonymous_8)
FN:58,(anonymous_9)
FN:61,(anonymous_10)
FN:65,(anonymous_11)
FN:69,(anonymous_12)
FNF:13
FNH:8
FNDA:1,(anonymous_0)
FNDA:1,(anonymous_1)
FNDA:0,(anonymous_2)
FNDA:1,(anonymous_3)
FNDA:1,(anonymous_4)
FNDA:0,(anonymous_5)
FNDA:0,(anonymous_6)
FNDA:1,(anonymous_7)
FNDA:1,(anonymous_8)
FNDA:0,(anonymous_9)
FNDA:1,(anonymous_10)
FNDA:1,(anonymous_11)
FNDA:0,(anonymous_12)
DA:2,4
DA:5,4
DA:6,1
DA:7,1
DA:9,1
DA:11,1
DA:12,1
DA:14,1
DA:15,1
DA:17,0
DA:20,0
DA:23,0
DA:28,4
DA:29,1
DA:30,1
DA:31,1
DA:33,1
DA:34,1
DA:35,0
DA:37,0
DA:38,0
DA:41,0
DA:43,1
DA:44,1
DA:49,4
DA:50,1
DA:53,1
DA:56,1
DA:58,0
DA:61,4
DA:62,1
DA:63,1
DA:64,1
DA:66,1
DA:67,1
DA:69,0
DA:74,4
LF:37
LH:28
BRDA:11,0,0,1
BRDA:11,0,1,0
BRDA:12,1,0,1
BRDA:12,1,1,0
BRDA:34,2,0,0
BRDA:34,2,1,1
BRF:6
BRH:3
end_of_record
TN:
SF:controller\vet_profile_controller.js
FN:19,(anonymous_0)
FN:24,(anonymous_1)
FN:25,(anonymous_2)
FN:28,(anonymous_3)
FN:34,(anonymous_4)
FN:35,(anonymous_5)
FN:37,(anonymous_6)
FN:58,(anonymous_7)
FN:98,(anonymous_8)
FN:102,(anonymous_9)
FN:115,(anonymous_10)
FNF:11
FNH:8
FNDA:1,(anonymous_0)
FNDA:1,(anonymous_1)
FNDA:0,(anonymous_2)
FNDA:1,(anonymous_3)
FNDA:1,(anonymous_4)
FNDA:0,(anonymous_5)
FNDA:1,(anonymous_6)
FNDA:3,(anonymous_7)
FNDA:1,(anonymous_8)
FNDA:1,(anonymous_9)
FNDA:0,(anonymous_10)
DA:1,5
DA:2,5
DA:3,5
DA:19,5
DA:21,1
DA:23,1
DA:24,1
DA:25,0
DA:28,5
DA:29,1
DA:30,1
DA:33,1
DA:34,1
DA:35,0
DA:37,5
DA:38,1
DA:39,1
DA:40,1
DA:41,1
DA:49,1
DA:50,1
DA:51,1
DA:53,0
DA:58,5
DA:59,3
DA:60,3
DA:61,3
DA:64,3
DA:67,3
DA:68,3
DA:71,3
DA:72,3
DA:75,3
DA:76,3
DA:79,3
DA:80,3
DA:83,3
DA:85,3
DA:87,2
DA:88,1
DA:91,1
DA:93,1
DA:94,1
DA:98,5
DA:99,1
DA:100,1
DA:101,1
DA:103,1
DA:104,1
DA:106,1
DA:109,0
DA:112,0
DA:116,0
DA:117,0
DA:122,5
LF:55
LH:48
BRDA:67,0,0,3
BRDA:67,0,1,0
BRDA:67,1,0,3
BRDA:67,1,1,3
BRDA:71,2,0,3
BRDA:71,2,1,0
BRDA:71,3,0,3
BRDA:71,3,1,3
BRDA:75,4,0,3
BRDA:75,4,1,0
BRDA:75,5,0,3
BRDA:75,5,1,3
BRDA:79,6,0,3
BRDA:79,6,1,0
BRDA:79,7,0,3
BRDA:79,7,1,3
BRDA:87,8,0,1
BRDA:87,8,1,1
BRDA:103,9,0,1
BRDA:103,9,1,0
BRDA:104,10,0,1
BRDA:104,10,1,0
BRF:22
BRH:16
end_of_record
TN:
SF:model\models\cart_model.js
FNF:0
FNH:0
DA:1,2
DA:3,2
DA:15,2
DA:16,2
LF:4
LH:4
BRF:0
BRH:0
end_of_record
TN:
SF:model\models\events_model.js
FNF:0
FNH:0
DA:1,3
DA:3,3
DA:17,3
DA:18,3
LF:4
LH:4
BRF:0
BRH:0
end_of_record
TN:
SF:model\models\messages_model.js
FNF:0
FNH:0
DA:1,3
DA:3,3
DA:17,3
DA:18,3
LF:4
LH:4
BRF:0
BRH:0
end_of_record
TN:
SF:model\models\payments_model.js
FNF:0
FNH:0
DA:1,2
DA:3,2
DA:18,2
DA:19,2
LF:4
LH:4
BRF:0
BRH:0
end_of_record
TN:
SF:model\models\posts_model.js
FNF:0
FNH:0
DA:1,3
DA:3,3
DA:16,3
DA:17,3
LF:4
LH:4
BRF:0
BRH:0
end_of_record
TN:
SF:model\models\products_model.js
FNF:0
FNH:0
DA:1,1
DA:3,1
DA:14,1
DA:15,1
LF:4
LH:4
BRF:0
BRH:0
end_of_record
TN:
SF:model\models\service_payments_model.js
FNF:0
FNH:0
DA:1,2
DA:3,2
DA:18,2
DA:19,2
LF:4
LH:4
BRF:0
BRH:0
end_of_record
TN:
SF:model\models\services_model.js
FNF:0
FNH:0
DA:1,7
DA:3,7
DA:15,7
DA:16,7
LF:4
LH:4
BRF:0
BRH:0
end_of_record
TN:
SF:model\models\users_model.js
FNF:0
FNH:0
DA:1,4
DA:3,4
DA:16,4
DA:17,4
LF:4
LH:4
BRF:0
BRH:0
end_of_record
TN:
SF:model\models\vet_model.js
FNF:0
FNH:0
DA:1,5
DA:3,5
DA:14,5
DA:15,5
LF:4
LH:4
BRF:0
BRH:0
end_of_record
